0, 0.20402218038520625, 1.732804250772271, 10.0, 'WC-base'
1, 0.20402218038520625, 1.732804250772271, 10.0, 'WC-base'
2, 0.20402218038520625, 1.732804250772271, 10.0, 'WC-base'
3, 0.20402218038520625, 1.732804250772271, 10.0, 'WC-base'
4, 0.20402218038520625, 1.732804250772271, 10.0, 'WC-base'
5, 0.20402218038520625, 1.732804250772271, 10.0, 'WC-base'
6, 0.20402218038520625, 1.732804250772271, 10.0, 'WC-base'
7, 0.20402218038520625, 1.732804250772271, 10.0, 'WC-base'
8, 0.20402218038520625, 1.732804250772271, 10.0, 'WC-base'
9, 0.20402218038520625, 1.732804250772271, 10.0, 'WC-base'
10, 0.20402218038520625, 1.732804250772271, 10.0, 'WC-base'
11, 0.20402218038520625, 1.732804250772271, 10.0, 'WC-base'
0, 0.02902148134074567, 2.1137720965083635, 10.0, 'AL-base'
1, 0.02902148134074567, 2.1137720965083635, 10.0, 'AL-base'
2, 0.02902148134074567, 2.1137720965083635, 10.0, 'AL-base'
3, 0.02902148134074567, 2.1137720965083635, 10.0, 'AL-base'
4, 0.02902148134074567, 2.1137720965083635, 10.0, 'AL-base'
5, 0.02902148134074567, 2.1137720965083635, 10.0, 'AL-base'
6, 0.02902148134074567, 2.1137720965083635, 10.0, 'AL-base'
7, 0.02902148134074567, 2.1137720965083635, 10.0, 'AL-base'
8, 0.02902148134074567, 2.1137720965083635, 10.0, 'AL-base'
9, 0.02902148134074567, 2.1137720965083635, 10.0, 'AL-base'
10, 0.02902148134074567, 2.1137720965083635, 10.0, 'AL-base'
11, 0.02902148134074567, 2.1137720965083635, 10.0, 'AL-base'
0, 0.11705494786808612, 1.9221276043507598, 1.0, 'embedding'
0, 0.12224683337191711, 1.910825127009224, 10.0, 'audiolen'
0, 0.23205924383826415, 1.6717689536403209, 10.0, 'everything'
0, 0.2298805594846156, 1.6765118414646578, 10.0, 'wordcount'
10, 0.12347564675123801, 1.9081500612038431, 1.0, 'embedding'
10, 0.13611223459608945, 1.8806408359550637, 1.0, 'audiolen'
10, 0.24373842217887243, 1.6463439614163826, 1.0, 'everything'
10, 0.2422219237202884, 1.6496453033766345, 1.0, 'wordcount'
11, 0.10835027717952583, 1.941077240884614, 1.0, 'embedding'
11, 0.12299093091660274, 1.9092052635448822, 1.0, 'audiolen'
11, 0.23791309364482582, 1.6590254128302246, 10.0, 'everything'
11, 0.23620341789230814, 1.6627472921821376, 10.0, 'wordcount'
1, 0.14175077331367136, 1.8683660167111074, 1.0, 'embedding'
1, 0.1471664249556084, 1.856576411580663, 1.0, 'audiolen'
1, 0.24172897911685298, 1.65071841933939, 10.0, 'everything'
1, 0.23952925613172626, 1.655507107221414, 10.0, 'wordcount'
2, 0.1504163144694488, 1.8495015632301801, 10.0, 'embedding'
2, 0.159014081559943, 1.830784650529311, 10.0, 'audiolen'
2, 0.25238105956954193, 1.6275293682965857, 10.0, 'everything'
2, 0.25060546403293493, 1.631394751750328, 10.0, 'wordcount'
3, 0.19595449765010098, 1.7503671961116747, 1.0, 'embedding'
3, 0.2035077733088676, 1.7339240894744827, 1.0, 'audiolen'
3, 0.27158693680530976, 1.5857191257322207, 10.0, 'everything'
3, 0.27029917558618066, 1.5885225180623819, 10.0, 'wordcount'
4, 0.2535642033857264, 1.6249537228659736, 1.0, 'embedding'
4, 0.25963864071659926, 1.611729973951613, 1.0, 'audiolen'
4, 0.32563363908247656, 1.468062134371054, 1.0, 'everything'
4, 0.32415719776630836, 1.4712762739181964, 1.0, 'wordcount'
5, 0.32624181352468695, 1.466738168762084, 1.0, 'embedding'
5, 0.3346627127107643, 1.448406288720475, 1.0, 'audiolen'
5, 0.385060560556579, 1.3386926725555621, 1.0, 'everything'
5, 0.38444218783887185, 1.3400388393046847, 1.0, 'wordcount'
6, 0.37981278724096057, 1.3501168148925855, 1.0, 'embedding'
6, 0.38707408294991286, 1.3343093341305259, 1.0, 'audiolen'
6, 0.42895025581289803, 1.2431469819205467, 1.0, 'everything'
6, 0.4282514328743747, 1.2446682848118713, 1.0, 'wordcount'
7, 0.39711354885464123, 1.312453914586781, 1.0, 'embedding'
7, 0.4073697365160325, 1.2901267025232872, 1.0, 'audiolen'
7, 0.4504158330980067, 1.196417484378872, 1.0, 'everything'
7, 0.4497622768887568, 1.1978402438447764, 1.0, 'wordcount'
8, 0.3386925347484636, 1.4396335659325958, 1.0, 'embedding'
8, 0.3477639340303311, 1.4198855794325707, 1.0, 'audiolen'
8, 0.3962512854604281, 1.3143310192471858, 1.0, 'everything'
8, 0.39502859897408305, 1.3169927471103138, 1.0, 'wordcount'
9, 0.20977001874295143, 1.720291491630474, 1.0, 'embedding'
9, 0.22157877707553497, 1.6945844101882472, 1.0, 'audiolen'
9, 0.3050561746605618, 1.5128582542399027, 1.0, 'everything'
9, 0.3032557197001152, 1.5167777554268775, 1.0, 'wordcount'
