

0, 0.40017959895512223, 'embedding'
0, 0.40563272989037835, 'audiolen'
0, 0.4402236690602779, 'everything'
0, 0.4332483775223036, 'wordcount'


10, 0.4026734940610591, 'embedding'
10, 0.4026986203792323, 'audiolen'
10, 0.4349411702643047, 'everything'
10, 0.4232072257559023, 'wordcount'


11, 0.3945568628682702, 'embedding'
11, 0.39677730358506125, 'audiolen'
11, 0.4350018389505378, 'everything'
11, 0.42604454474970865, 'wordcount'


1, 0.4118951394433419, 'embedding'
1, 0.41423956312580856, 'audiolen'
1, 0.445716169798668, 'everything'
1, 0.4365369878185825, 'wordcount'


2, 0.4206704979087198, 'embedding'
2, 0.4219455556580084, 'audiolen'
2, 0.44811317794648986, 'everything'
2, 0.4387933539825166, 'wordcount'


3, 0.4433063178654114, 'embedding'
3, 0.4444680941455985, 'audiolen'
3, 0.4604029333868386, 'everything'
3, 0.4549361764988914, 'wordcount'


4, 0.4789977166396764, 'embedding'
4, 0.4803726927678583, 'audiolen'
4, 0.48330632204503965, 'everything'
4, 0.48424892721818336, 'wordcount'


5, 0.4953780103748523, 'embedding'
5, 0.4962286013204128, 'audiolen'
5, 0.49572168604663513, 'everything'
5, 0.49691214956249563, 'wordcount'


6, 0.5165410666938925, 'embedding'
6, 0.5165164239648329, 'audiolen'
6, 0.5136771404819005, 'everything'
6, 0.5150027803590289, 'wordcount'


7, 0.5185002980091007, 'embedding'
7, 0.5183459181014927, 'audiolen'
7, 0.517337847486784, 'everything'
7, 0.5185267606843371, 'wordcount'


8, 0.4909382507560046, 'embedding'
8, 0.4911077053943115, 'audiolen'
8, 0.49064796735543614, 'everything'
8, 0.49141844168381144, 'wordcount'


9, 0.42686337925260043, 'embedding'
9, 0.42805234417930493, 'audiolen'
9, 0.44868607567432595, 'everything'
9, 0.4429567925576896, 'wordcount'
 
 
0, 0.40010949860212564, 'WC-base'
0, 0.30640334955319004, 'AL-base'
1, 0.40010949860212564, 'WC-base'
1, 0.30640334955319004, 'AL-base'
2, 0.40010949860212564, 'WC-base'
2, 0.30640334955319004, 'AL-base'
3, 0.40010949860212564, 'WC-base'
3, 0.30640334955319004, 'AL-base'
4, 0.40010949860212564, 'WC-base'
4, 0.30640334955319004, 'AL-base'
5, 0.40010949860212564, 'WC-base'
5, 0.30640334955319004, 'AL-base'
6, 0.40010949860212564, 'WC-base'
6, 0.30640334955319004, 'AL-base'
7, 0.40010949860212564, 'WC-base'
7, 0.30640334955319004, 'AL-base'
8, 0.40010949860212564, 'WC-base'
8, 0.30640334955319004, 'AL-base'
9, 0.40010949860212564, 'WC-base'
9, 0.30640334955319004, 'AL-base'
10, 0.40010949860212564, 'WC-base'
10, 0.30640334955319004, 'AL-base'
11, 0.40010949860212564, 'WC-base'
11, 0.30640334955319004, 'AL-base'
