('fast_vgs_plus', 'librispeech_train', 0, '0.5', 0.042052567899776495, 8.119395896093298e-07)
('fast_vgs_plus', 'librispeech_train', 1, '0.5', 0.0685134883413408, 8.83446173059623e-16)
('fast_vgs_plus', 'librispeech_train', 2, '0.5', 0.07084416419966905, 9.074796747843986e-17)
('fast_vgs_plus', 'librispeech_train', 3, '0.5', 0.07333971801504677, 7.303962202705854e-18)
('fast_vgs_plus', 'librispeech_train', 4, '0.5', 0.07812860311781247, 4.5613968279779404e-20)
('fast_vgs_plus', 'librispeech_train', 5, '0.5', 0.0866121710973009, 2.6001433562643945e-24)
('fast_vgs_plus', 'librispeech_train', 6, '0.5', 0.09830306124949209, 7.115557882451188e-31)
('fast_vgs_plus', 'librispeech_train', 7, '0.5', 0.10970982351629317, 4.4158894443084436e-38)
('fast_vgs_plus', 'librispeech_train', 8, '0.5', 0.11909524878017137, 1.3023225881246157e-44)
('fast_vgs_plus', 'librispeech_train', 9, '0.5', 0.08410631606862168, 5.1737949282416593e-23)
('fast_vgs_plus', 'librispeech_train', 10, '0.5', 0.07853687552424636, 2.915984321101999e-20)
('fast_vgs_plus', 'librispeech_train', 11, '0.5', 0.0787725934472339, 2.2497865789958334e-20)
('fast_vgs_plus', 'librispeech_train', 12, '0.5', 0.08031547514613467, 4.04182716376929e-21)
('wav2vec_random', 'spokencoco_val', 0, '0.5', -0.04693908728912211, 1.9161740852601197e-07)
('wav2vec_random', 'spokencoco_val', 1, '0.5', -0.04725116043199821, 1.588882815552057e-07)
('wav2vec_random', 'spokencoco_val', 2, '0.5', -0.04707810680322319, 1.7630380213202248e-07)
('wav2vec_random', 'spokencoco_val', 3, '0.5', -0.04646440736096896, 2.54207949355917e-07)
('wav2vec_random', 'spokencoco_val', 4, '0.5', -0.04542857009918018, 4.666462271429074e-07)
('wav2vec_random', 'spokencoco_val', 5, '0.5', -0.04488349660515702, 6.390895091122173e-07)
('wav2vec_random', 'spokencoco_val', 6, '0.5', -0.044772399258866356, 6.810968680083664e-07)
('wav2vec_random', 'spokencoco_val', 7, '0.5', -0.045792602490927266, 3.774984964005092e-07)
('wav2vec_random', 'spokencoco_val', 8, '0.5', -0.04571811064003723, 3.9428667411768567e-07)
('wav2vec_random', 'spokencoco_val', 9, '0.5', -0.04512714348982766, 5.555258205522357e-07)
('wav2vec_random', 'spokencoco_val', 10, '0.5', -0.043898615701227446, 1.1179449857286308e-06)
('wav2vec_random', 'spokencoco_val', 11, '0.5', -0.04279852377022945, 2.0593951369770155e-06)
('wav2vec_small', 'spokencoco_val', 0, '0.5', -0.0059651181661374755, 0.5083592461986757)
('wav2vec_small', 'spokencoco_val', 1, '0.5', -0.0040778629127988675, 0.6511686763323488)
('wav2vec_small', 'spokencoco_val', 2, '0.5', -0.007015505512018074, 0.43665086760877897)
('wav2vec_small', 'spokencoco_val', 3, '0.5', -0.00584614708404284, 0.5168534835002556)
('wav2vec_small', 'spokencoco_val', 4, '0.5', 0.000945083017224149, 0.9165447449213951)
('wav2vec_small', 'spokencoco_val', 5, '0.5', 0.005550213511510849, 0.5382968446719336)
('wav2vec_small', 'spokencoco_val', 6, '0.5', 0.01324363063236284, 0.14197770198805434)
('wav2vec_small', 'spokencoco_val', 7, '0.5', 0.007665862628209102, 0.395340036952073)
('wav2vec_small', 'spokencoco_val', 8, '0.5', -0.004610901039291447, 0.609182142046762)
('wav2vec_small', 'spokencoco_val', 9, '0.5', -0.005502101420200328, 0.5418247600524373)
('wav2vec_small', 'spokencoco_val', 10, '0.5', 0.001457023827150986, 0.8716609094019537)
('wav2vec_small', 'spokencoco_val', 11, '0.5', -0.003691030895241392, 0.682357418475377)
('fast_vgs', 'librispeech_train', 0, '0.5', 0.03960602872076802, 3.396137998724561e-06)
('fast_vgs', 'librispeech_train', 1, '0.5', 0.07365222089759366, 5.295428102302051e-18)
('fast_vgs', 'librispeech_train', 2, '0.5', 0.07374756842391215, 4.799254317162088e-18)
('fast_vgs', 'librispeech_train', 3, '0.5', 0.08637107878960787, 3.4802381376676615e-24)
('fast_vgs', 'librispeech_train', 4, '0.5', 0.09420629904577643, 1.7641360043750655e-28)
('fast_vgs', 'librispeech_train', 5, '0.5', 0.09838173740953136, 6.3859547371635325e-31)
('fast_vgs', 'librispeech_train', 6, '0.5', 0.10280917731210276, 1.2599195023089182e-33)
('fast_vgs', 'librispeech_train', 7, '0.5', 0.09443077815475401, 1.312151830210814e-28)
('fast_vgs', 'librispeech_train', 8, '0.5', 0.1308502756035551, 1.4613255553116608e-53)
('fast_vgs', 'librispeech_train', 9, '0.5', 0.12989126847302546, 8.45678039602543e-53)
('fast_vgs', 'librispeech_train', 10, '0.5', 0.13146880813126727, 4.676585519221507e-54)
('fast_vgs', 'librispeech_train', 11, '0.5', 0.12953331681483657, 1.623004039808719e-52)
('fast_vgs', 'librispeech_train', 12, '0.5', 0.1277921953327135, 3.7670440052960227e-51)
('wav2vec_random', 'librispeech_train', 0, '0.5', 0.04438191944962063, 1.930016311960823e-07)
('wav2vec_random', 'librispeech_train', 1, '0.5', 0.04480912563353985, 1.4712966612551295e-07)
('wav2vec_random', 'librispeech_train', 2, '0.5', 0.044713584894241515, 1.5636912448045574e-07)
('wav2vec_random', 'librispeech_train', 3, '0.5', 0.045217184447681164, 1.1327371839473046e-07)
('wav2vec_random', 'librispeech_train', 4, '0.5', 0.045537271996336254, 9.212191202513453e-08)
('wav2vec_random', 'librispeech_train', 5, '0.5', 0.046128833558139175, 6.264566119200434e-08)
('wav2vec_random', 'librispeech_train', 6, '0.5', 0.0465409213534677, 4.775527912519812e-08)
('wav2vec_random', 'librispeech_train', 7, '0.5', 0.0468775955183755, 3.8193219526495395e-08)
('wav2vec_random', 'librispeech_train', 8, '0.5', 0.04661871159737822, 4.535861209680771e-08)
('wav2vec_random', 'librispeech_train', 9, '0.5', 0.046229874803712906, 5.862486832901645e-08)
('wav2vec_random', 'librispeech_train', 10, '0.5', 0.047260442803013704, 2.9569128393022473e-08)
('wav2vec_random', 'librispeech_train', 11, '0.5', 0.04840030491173174, 1.3640816733546744e-08)
('hubert_base_ls960', 'librispeech_train', 0, '0.5', 0.05886868765495247, 4.921344870372572e-12)
('hubert_base_ls960', 'librispeech_train', 1, '0.5', 0.0701020350188947, 1.8882768535764442e-16)
('hubert_base_ls960', 'librispeech_train', 2, '0.5', 0.07435245024515444, 2.5635596317370172e-18)
('hubert_base_ls960', 'librispeech_train', 3, '0.5', 0.07969187754794585, 8.121628668471457e-21)
('hubert_base_ls960', 'librispeech_train', 4, '0.5', 0.07751994741035031, 8.84951915170281e-20)
('hubert_base_ls960', 'librispeech_train', 5, '0.5', 0.08433211627057677, 3.965796023310501e-23)
('hubert_base_ls960', 'librispeech_train', 6, '0.5', 0.09320657065164312, 6.535878514976949e-28)
('hubert_base_ls960', 'librispeech_train', 7, '0.5', 0.11088360373466069, 7.21199400073015e-39)
('hubert_base_ls960', 'librispeech_train', 8, '0.5', 0.12380400810111045, 4.2944915091014916e-48)
('hubert_base_ls960', 'librispeech_train', 9, '0.5', 0.12043273088148736, 1.3795672345386547e-45)
('hubert_base_ls960', 'librispeech_train', 10, '0.5', 0.10156647138459976, 7.441428180707476e-33)
('hubert_base_ls960', 'librispeech_train', 11, '0.5', 0.09948936550192927, 1.3796592251447693e-31)
('fast_vgs', 'spokencoco_val', 0, '0.5', -0.013229220810635444, 0.14241196050316493)
('fast_vgs', 'spokencoco_val', 1, '0.5', -0.022295376210178776, 0.013423528196830271)
('fast_vgs', 'spokencoco_val', 2, '0.5', -0.009104682291537037, 0.3127290565035519)
('fast_vgs', 'spokencoco_val', 3, '0.5', -0.010928884856787207, 0.22559360205881857)
('fast_vgs', 'spokencoco_val', 4, '0.5', 0.000320368173722641, 0.9716641731460105)
('fast_vgs', 'spokencoco_val', 5, '0.5', 0.02558635802753088, 0.004548558896295607)
('fast_vgs', 'spokencoco_val', 6, '0.5', 0.06024139713327048, 2.3029406339407886e-11)
('fast_vgs', 'spokencoco_val', 7, '0.5', 0.0922130012546054, 1.2327955388612974e-24)
('fast_vgs', 'spokencoco_val', 8, '0.5', 0.13851168621027854, 9.962831508889471e-54)
('fast_vgs', 'spokencoco_val', 9, '0.5', 0.16771956497286158, 2.8784226460942476e-78)
('fast_vgs', 'spokencoco_val', 10, '0.5', 0.16932695886329982, 9.256661940320711e-80)
('fast_vgs', 'spokencoco_val', 11, '0.5', 0.16358045804748153, 1.7141297991705524e-74)
('fast_vgs', 'spokencoco_val', 12, '0.5', 0.17445465834663615, 1.27129424499715e-84)
('fast_vgs_plus', 'spokencoco_val', 0, '0.5', -0.015320244614701214, 0.08936667504636485)
('fast_vgs_plus', 'spokencoco_val', 1, '0.5', -0.01468959249179772, 0.10335283033097546)
('fast_vgs_plus', 'spokencoco_val', 2, '0.5', -0.008279245717868615, 0.35862627318842805)
('fast_vgs_plus', 'spokencoco_val', 3, '0.5', -0.005828139104038963, 0.5181455846455215)
('fast_vgs_plus', 'spokencoco_val', 4, '0.5', -0.007123693059290954, 0.4296112753511037)
('fast_vgs_plus', 'spokencoco_val', 5, '0.5', 0.0019564531721270022, 0.8282675572713655)
('fast_vgs_plus', 'spokencoco_val', 6, '0.5', 0.03667459068776341, 4.747897542196082e-05)
('fast_vgs_plus', 'spokencoco_val', 7, '0.5', 0.08422099464897329, 8.382538139159447e-21)
('fast_vgs_plus', 'spokencoco_val', 8, '0.5', 0.15186933894779714, 2.4006139640619674e-64)
('fast_vgs_plus', 'spokencoco_val', 9, '0.5', 0.005056834921005792, 0.5750119528289617)
('fast_vgs_plus', 'spokencoco_val', 10, '0.5', -0.01975438156340341, 0.028487874222321744)
('fast_vgs_plus', 'spokencoco_val', 11, '0.5', -0.016656181610297895, 0.06476165677869458)
('fast_vgs_plus', 'spokencoco_val', 12, '0.5', -0.015424366722677389, 0.08721139213982709)
('wav2vec_small', 'librispeech_train', 0, '0.5', 0.06039781573450306, 1.364741776163477e-12)
('wav2vec_small', 'librispeech_train', 1, '0.5', 0.06395544296706464, 6.100903757446573e-14)
('wav2vec_small', 'librispeech_train', 2, '0.5', 0.07280051937253171, 1.2680909144648808e-17)
('wav2vec_small', 'librispeech_train', 3, '0.5', 0.07470123826794364, 1.781617773092696e-18)
('wav2vec_small', 'librispeech_train', 4, '0.5', 0.08371650678988624, 8.174118839425201e-23)
('wav2vec_small', 'librispeech_train', 5, '0.5', 0.09537276850085814, 3.760186060646205e-29)
('wav2vec_small', 'librispeech_train', 6, '0.5', 0.11059713040900422, 1.1243577850956195e-38)
('wav2vec_small', 'librispeech_train', 7, '0.5', 0.10336059025406634, 5.689415783481217e-34)
('wav2vec_small', 'librispeech_train', 8, '0.5', 0.07814139856260256, 4.4980390873318813e-20)
('wav2vec_small', 'librispeech_train', 9, '0.5', 0.07116079587778652, 6.623099449712311e-17)
('wav2vec_small', 'librispeech_train', 10, '0.5', 0.06508766351791256, 2.188189981988468e-14)
('wav2vec_small', 'librispeech_train', 11, '0.5', 0.06671207223098286, 4.873770805113673e-15)
('hubert_base_ls960', 'spokencoco_val', 0, '0.5', 0.0003044380111743893, 0.9730726103398436)
('hubert_base_ls960', 'spokencoco_val', 1, '0.5', -0.004926936866480087, 0.5848716620116675)
('hubert_base_ls960', 'spokencoco_val', 2, '0.5', -0.003561239652852632, 0.6929480843330424)
('hubert_base_ls960', 'spokencoco_val', 3, '0.5', -0.006855205249942547, 0.44720254818873)
('hubert_base_ls960', 'spokencoco_val', 4, '0.5', -0.001718014228591133, 0.8489276983866914)
('hubert_base_ls960', 'spokencoco_val', 5, '0.5', 0.013291548466092876, 0.1405409479812894)
('hubert_base_ls960', 'spokencoco_val', 6, '0.5', 0.02834437869372784, 0.001670291671777726)
('hubert_base_ls960', 'spokencoco_val', 7, '0.5', 0.04087745104973199, 5.781519183229927e-06)
('hubert_base_ls960', 'spokencoco_val', 8, '0.5', 0.05467762817178653, 1.3033913310365842e-09)
('hubert_base_ls960', 'spokencoco_val', 9, '0.5', 0.04216101820815547, 2.91490139884188e-06)
('hubert_base_ls960', 'spokencoco_val', 10, '0.5', 0.0305636659463023, 0.0007000218856516309)
('hubert_base_ls960', 'spokencoco_val', 11, '0.5', 0.01526301578020779, 0.09056943132687957)
('fast_vgs_plus', 'librispeech_train', 0, '0.5', 0.04342379475698741, 3.51586469491105e-07)
('fast_vgs_plus', 'librispeech_train', 1, '0.5', 0.06777094154134815, 1.7957636554971736e-15)
('fast_vgs_plus', 'librispeech_train', 2, '0.5', 0.06843581056098158, 9.518341962561777e-16)
('fast_vgs_plus', 'librispeech_train', 3, '0.5', 0.07203644584181762, 2.7522184225753155e-17)
('fast_vgs_plus', 'librispeech_train', 4, '0.5', 0.08196223096323968, 6.237343558464779e-22)
('fast_vgs_plus', 'librispeech_train', 5, '0.5', 0.09222009997173042, 2.347344334145582e-27)
('fast_vgs_plus', 'librispeech_train', 6, '0.5', 0.100855515135171, 2.0355340484202823e-32)
('fast_vgs_plus', 'librispeech_train', 7, '0.5', 0.11334252783338447, 1.5203454435116454e-40)
('fast_vgs_plus', 'librispeech_train', 8, '0.5', 0.12002542031597585, 2.7405181234060935e-45)
('fast_vgs_plus', 'librispeech_train', 9, '0.5', 0.08503201371496602, 1.7315350920068665e-23)
('fast_vgs_plus', 'librispeech_train', 10, '0.5', 0.07941528399015906, 1.104883910735261e-20)
('fast_vgs_plus', 'librispeech_train', 11, '0.5', 0.07696368003598829, 1.6144344247353157e-19)
('fast_vgs_plus', 'librispeech_train', 12, '0.5', 0.08023686845504444, 4.414781422971172e-21)
('wav2vec_random', 'spokencoco_val', 0, '0.5', -0.04175555351727872, 3.6265605768978078e-06)
('wav2vec_random', 'spokencoco_val', 1, '0.5', -0.041708910080263124, 3.7183828429687313e-06)
('wav2vec_random', 'spokencoco_val', 2, '0.5', -0.041853775659131245, 3.4402565837904707e-06)
('wav2vec_random', 'spokencoco_val', 3, '0.5', -0.04271017511601709, 2.1616009666539815e-06)
('wav2vec_random', 'spokencoco_val', 4, '0.5', -0.042182813293506684, 2.880714051008809e-06)
('wav2vec_random', 'spokencoco_val', 5, '0.5', -0.04315230691910803, 1.6947230614513637e-06)
('wav2vec_random', 'spokencoco_val', 6, '0.5', -0.04356085018074659, 1.3506717244129438e-06)
('wav2vec_random', 'spokencoco_val', 7, '0.5', -0.04431159562646563, 8.85519360396651e-07)
('wav2vec_random', 'spokencoco_val', 8, '0.5', -0.044246788240063534, 9.186309183584296e-07)
('wav2vec_random', 'spokencoco_val', 9, '0.5', -0.043754762295191485, 1.211913000918934e-06)
('wav2vec_random', 'spokencoco_val', 10, '0.5', -0.04426293592501145, 9.102709275628785e-07)
('wav2vec_random', 'spokencoco_val', 11, '0.5', -0.043644310246444586, 1.2891727330798212e-06)
('wav2vec_small', 'spokencoco_val', 0, '0.5', -0.013031596911993664, 0.14847096653805242)
('wav2vec_small', 'spokencoco_val', 1, '0.5', -0.00788172507394688, 0.3821682646156604)
('wav2vec_small', 'spokencoco_val', 2, '0.5', -0.009406743766728433, 0.2969456381879703)
('wav2vec_small', 'spokencoco_val', 3, '0.5', -0.00917309872246797, 0.3091066150109454)
('wav2vec_small', 'spokencoco_val', 4, '0.5', -0.005364110437857473, 0.5520067882598524)
('wav2vec_small', 'spokencoco_val', 5, '0.5', 0.0016282906759961017, 0.8567297777964084)
('wav2vec_small', 'spokencoco_val', 6, '0.5', 0.01049621554095686, 0.24450059388991738)
('wav2vec_small', 'spokencoco_val', 7, '0.5', 0.005406690453422075, 0.5488549098803001)
('wav2vec_small', 'spokencoco_val', 8, '0.5', -0.005768947076527714, 0.5224044428290741)
('wav2vec_small', 'spokencoco_val', 9, '0.5', -0.007829196017196558, 0.38534852097129785)
('wav2vec_small', 'spokencoco_val', 10, '0.5', -0.004218838673344293, 0.6399488771958288)
('wav2vec_small', 'spokencoco_val', 11, '0.5', -0.010571932065662804, 0.2411140002452708)
('fast_vgs', 'librispeech_train', 0, '0.5', 0.03895928934969477, 4.891956140061775e-06)
('fast_vgs', 'librispeech_train', 1, '0.5', 0.07487726592413993, 1.481777043361512e-18)
('fast_vgs', 'librispeech_train', 2, '0.5', 0.07478910177407228, 1.625138122990253e-18)
('fast_vgs', 'librispeech_train', 3, '0.5', 0.08148135375876617, 1.0806428965273655e-21)
('fast_vgs', 'librispeech_train', 4, '0.5', 0.0891116723354202, 1.2067752879106204e-25)
('fast_vgs', 'librispeech_train', 5, '0.5', 0.1007647572846159, 2.313366280207545e-32)
('fast_vgs', 'librispeech_train', 6, '0.5', 0.1071058790870991, 2.293902166995514e-36)
('fast_vgs', 'librispeech_train', 7, '0.5', 0.10573475676179976, 1.7667138485447464e-35)
('fast_vgs', 'librispeech_train', 8, '0.5', 0.1269551284583985, 1.6820146982050788e-50)
('fast_vgs', 'librispeech_train', 9, '0.5', 0.12803528584365437, 2.434813749912997e-51)
('fast_vgs', 'librispeech_train', 10, '0.5', 0.13119228512511702, 7.788249773520641e-54)
('fast_vgs', 'librispeech_train', 11, '0.5', 0.12644929276629133, 4.13427073429147e-50)
('fast_vgs', 'librispeech_train', 12, '0.5', 0.12258524773112059, 3.5262850023095004e-47)
('wav2vec_random', 'librispeech_train', 0, '0.5', 0.05304902586577717, 4.849024990920037e-10)
('wav2vec_random', 'librispeech_train', 1, '0.5', 0.05426394294007737, 1.931876744301666e-10)
('wav2vec_random', 'librispeech_train', 2, '0.5', 0.05541589266455517, 7.924734529972442e-11)
('wav2vec_random', 'librispeech_train', 3, '0.5', 0.05587785165944753, 5.51558565973332e-11)
('wav2vec_random', 'librispeech_train', 4, '0.5', 0.05689759858138031, 2.4529861885526998e-11)
('wav2vec_random', 'librispeech_train', 5, '0.5', 0.05760267295793774, 1.3892923003945922e-11)
('wav2vec_random', 'librispeech_train', 6, '0.5', 0.05889726724584944, 4.806177314385602e-12)
('wav2vec_random', 'librispeech_train', 7, '0.5', 0.059444144268770774, 3.0484643541319225e-12)
('wav2vec_random', 'librispeech_train', 8, '0.5', 0.058951994997553096, 4.592965581407053e-12)
('wav2vec_random', 'librispeech_train', 9, '0.5', 0.05846848603112464, 6.848310957911109e-12)
('wav2vec_random', 'librispeech_train', 10, '0.5', 0.05897251299069203, 4.515443530151577e-12)
('wav2vec_random', 'librispeech_train', 11, '0.5', 0.05902605397907358, 4.319142035064983e-12)
('hubert_base_ls960', 'librispeech_train', 0, '0.5', 0.055972700238758555, 5.1182336347174135e-11)
('hubert_base_ls960', 'librispeech_train', 1, '0.5', 0.06777263356955819, 1.792878776475093e-15)
('hubert_base_ls960', 'librispeech_train', 2, '0.5', 0.06922984901271012, 4.4244135868054814e-16)
('hubert_base_ls960', 'librispeech_train', 3, '0.5', 0.07414855989396167, 3.168722312508438e-18)
('hubert_base_ls960', 'librispeech_train', 4, '0.5', 0.0717495127858435, 3.674163231604407e-17)
('hubert_base_ls960', 'librispeech_train', 5, '0.5', 0.07985016084055666, 6.806752812446134e-21)
('hubert_base_ls960', 'librispeech_train', 6, '0.5', 0.08686944146641708, 1.903275510685326e-24)
('hubert_base_ls960', 'librispeech_train', 7, '0.5', 0.10432894124475384, 1.3938401749223392e-34)
('hubert_base_ls960', 'librispeech_train', 8, '0.5', 0.11606482732992421, 1.9176472224875378e-42)
('hubert_base_ls960', 'librispeech_train', 9, '0.5', 0.11071905138562693, 9.308744418030181e-39)
('hubert_base_ls960', 'librispeech_train', 10, '0.5', 0.09355710081270888, 4.135900874317484e-28)
('hubert_base_ls960', 'librispeech_train', 11, '0.5', 0.09021802107297393, 3.015447109955291e-26)
('fast_vgs', 'spokencoco_val', 0, '0.5', -0.015717258353284434, 0.08137287743257804)
('fast_vgs', 'spokencoco_val', 1, '0.5', -0.03407767849152161, 0.00015714594575472047)
('fast_vgs', 'spokencoco_val', 2, '0.5', -0.026290152142024306, 0.003551734162848831)
('fast_vgs', 'spokencoco_val', 3, '0.5', -0.024237421706023367, 0.007193640517322315)
('fast_vgs', 'spokencoco_val', 4, '0.5', -0.01913132267166413, 0.0338881757320065)
('fast_vgs', 'spokencoco_val', 5, '0.5', 0.010580940622341576, 0.2407132812953777)
('fast_vgs', 'spokencoco_val', 6, '0.5', 0.04647125383149106, 2.531785710527015e-07)
('fast_vgs', 'spokencoco_val', 7, '0.5', 0.08431206981793951, 7.61459840431377e-21)
('fast_vgs', 'spokencoco_val', 8, '0.5', 0.1336171176049051, 4.332715486806314e-50)
('fast_vgs', 'spokencoco_val', 9, '0.5', 0.16257079685123968, 1.3798823615549808e-73)
('fast_vgs', 'spokencoco_val', 10, '0.5', 0.164691767122781, 1.699227356344879e-75)
('fast_vgs', 'spokencoco_val', 11, '0.5', 0.15743781711174504, 4.508438945707039e-69)
('fast_vgs', 'spokencoco_val', 12, '0.5', 0.16853795766799, 5.023777477855779e-79)
('fast_vgs_plus', 'spokencoco_val', 0, '0.5', -0.019329227247548188, 0.032085107161831654)
('fast_vgs_plus', 'spokencoco_val', 1, '0.5', -0.025965824039941132, 0.003983395999461571)
('fast_vgs_plus', 'spokencoco_val', 2, '0.5', -0.013094504632720527, 0.1465212689416016)
('fast_vgs_plus', 'spokencoco_val', 3, '0.5', -0.011517553575871763, 0.2015799072795662)
('fast_vgs_plus', 'spokencoco_val', 4, '0.5', -0.011862923112980213, 0.18838880146556958)
('fast_vgs_plus', 'spokencoco_val', 5, '0.5', -0.00028324751978164604, 0.9749462596022159)
('fast_vgs_plus', 'spokencoco_val', 6, '0.5', 0.030790146702175177, 0.0006385239014997535)
('fast_vgs_plus', 'spokencoco_val', 7, '0.5', 0.07778542410679637, 5.739114184721289e-18)
('fast_vgs_plus', 'spokencoco_val', 8, '0.5', 0.14310521173429874, 2.890734117108707e-57)
('fast_vgs_plus', 'spokencoco_val', 9, '0.5', 0.0005603509605002122, 0.9504596968852501)
('fast_vgs_plus', 'spokencoco_val', 10, '0.5', -0.02281657270231969, 0.011401670948393599)
('fast_vgs_plus', 'spokencoco_val', 11, '0.5', -0.0232749263642236, 0.009851981463337283)
('fast_vgs_plus', 'spokencoco_val', 12, '0.5', -0.021193113204802137, 0.018769742325363097)
('wav2vec_small', 'librispeech_train', 0, '0.5', 0.056043356213488334, 4.840569138875719e-11)
('wav2vec_small', 'librispeech_train', 1, '0.5', 0.06111730191041579, 7.381763663719777e-13)
('wav2vec_small', 'librispeech_train', 2, '0.5', 0.07148714713707835, 4.780347071516627e-17)
('wav2vec_small', 'librispeech_train', 3, '0.5', 0.07401348674889774, 3.6452055273072955e-18)
('wav2vec_small', 'librispeech_train', 4, '0.5', 0.08284548987345414, 2.254042956112923e-22)
('wav2vec_small', 'librispeech_train', 5, '0.5', 0.09044043059426193, 2.2770891174987234e-26)
('wav2vec_small', 'librispeech_train', 6, '0.5', 0.10386597526989234, 2.7351290505820476e-34)
('wav2vec_small', 'librispeech_train', 7, '0.5', 0.09750670327764191, 2.1166297994133724e-30)
('wav2vec_small', 'librispeech_train', 8, '0.5', 0.07151098698819212, 4.6675661972594783e-17)
('wav2vec_small', 'librispeech_train', 9, '0.5', 0.06236583446752663, 2.498805927814837e-13)
('wav2vec_small', 'librispeech_train', 10, '0.5', 0.06652908987096816, 5.782564489840355e-15)
('wav2vec_small', 'librispeech_train', 11, '0.5', 0.06908666378927841, 5.083106469666733e-16)
('hubert_base_ls960', 'spokencoco_val', 0, '0.5', -0.011519696982175186, 0.20149601611071455)
('hubert_base_ls960', 'spokencoco_val', 1, '0.5', -0.017976394873592663, 0.046227201969352226)
('hubert_base_ls960', 'spokencoco_val', 2, '0.5', -0.01307230903792373, 0.14720692823617568)
('hubert_base_ls960', 'spokencoco_val', 3, '0.5', -0.011179207556891257, 0.21514366659791997)
('hubert_base_ls960', 'spokencoco_val', 4, '0.5', -0.007558953322883543, 0.40196392257250274)
('hubert_base_ls960', 'spokencoco_val', 5, '0.5', 0.0029118739854034873, 0.7468029442495999)
('hubert_base_ls960', 'spokencoco_val', 6, '0.5', 0.019260325630780253, 0.03270329938666301)
('hubert_base_ls960', 'spokencoco_val', 7, '0.5', 0.028888206917725697, 0.0013568364909265955)
('hubert_base_ls960', 'spokencoco_val', 8, '0.5', 0.04593176291708419, 3.4796540895628985e-07)
('hubert_base_ls960', 'spokencoco_val', 9, '0.5', 0.034989551012170966, 0.00010415983568537109)
('hubert_base_ls960', 'spokencoco_val', 10, '0.5', 0.027406308706988864, 0.002371488397325596)
('hubert_base_ls960', 'spokencoco_val', 11, '0.5', 0.010075026061274231, 0.2639483585754151)
('fast_vgs_plus', 'librispeech_train', 0, '0.5', 0.0387320866685953, 5.553801030857737e-06)
('fast_vgs_plus', 'librispeech_train', 1, '0.5', 0.07252176581862792, 1.6839573999246972e-17)
('fast_vgs_plus', 'librispeech_train', 2, '0.5', 0.07527695237533247, 9.735843155079578e-19)
('fast_vgs_plus', 'librispeech_train', 3, '0.5', 0.08287854342029032, 2.1693457675760413e-22)
('fast_vgs_plus', 'librispeech_train', 4, '0.5', 0.09291452317959677, 9.556754358158636e-28)
('fast_vgs_plus', 'librispeech_train', 5, '0.5', 0.10014169812293554, 5.550726381965561e-32)
('fast_vgs_plus', 'librispeech_train', 6, '0.5', 0.1113067757924737, 3.7347177777347544e-39)
('fast_vgs_plus', 'librispeech_train', 7, '0.5', 0.12216842917103228, 7.209848396515848e-47)
('fast_vgs_plus', 'librispeech_train', 8, '0.5', 0.12817577552510825, 1.8912948053174298e-51)
('fast_vgs_plus', 'librispeech_train', 9, '0.5', 0.09709908716792494, 3.685331200921095e-30)
('fast_vgs_plus', 'librispeech_train', 10, '0.5', 0.09188727009469072, 3.602373315110424e-27)
('fast_vgs_plus', 'librispeech_train', 11, '0.5', 0.08967945391466847, 5.935596992394171e-26)
('fast_vgs_plus', 'librispeech_train', 12, '0.5', 0.09177618347295564, 4.15454067133591e-27)
('wav2vec_random', 'spokencoco_val', 0, '0.5', -0.04001380262639876, 9.065109736537506e-06)
('wav2vec_random', 'spokencoco_val', 1, '0.5', -0.039580012788938204, 1.1324856517627567e-05)
('wav2vec_random', 'spokencoco_val', 2, '0.5', -0.039402490360906636, 1.2396808643639823e-05)
('wav2vec_random', 'spokencoco_val', 3, '0.5', -0.03899697740986473, 1.52202606949208e-05)
('wav2vec_random', 'spokencoco_val', 4, '0.5', -0.03928313942917857, 1.317119989472454e-05)
('wav2vec_random', 'spokencoco_val', 5, '0.5', -0.03988412910840204, 9.69101493942395e-06)
('wav2vec_random', 'spokencoco_val', 6, '0.5', -0.040258769752571526, 7.986558538249994e-06)
('wav2vec_random', 'spokencoco_val', 7, '0.5', -0.04101638266496437, 5.373540891436974e-06)
('wav2vec_random', 'spokencoco_val', 8, '0.5', -0.0410610776875479, 5.248257424722489e-06)
('wav2vec_random', 'spokencoco_val', 9, '0.5', -0.040368801580311864, 7.54307890746282e-06)
('wav2vec_random', 'spokencoco_val', 10, '0.5', -0.040196976127269766, 8.246432848335542e-06)
('wav2vec_random', 'spokencoco_val', 11, '0.5', -0.040454281871889416, 7.214905553646269e-06)
('wav2vec_small', 'spokencoco_val', 0, '0.5', -0.018508002512517358, 0.04014341925074625)
('wav2vec_small', 'spokencoco_val', 1, '0.5', -0.012511372733964531, 0.16536067650321148)
('wav2vec_small', 'spokencoco_val', 2, '0.5', -0.012747681611535796, 0.15751754706862117)
('wav2vec_small', 'spokencoco_val', 3, '0.5', -0.012856871742241436, 0.15399014450303355)
('wav2vec_small', 'spokencoco_val', 4, '0.5', -0.010894998671586996, 0.22703559094330275)
('wav2vec_small', 'spokencoco_val', 5, '0.5', -0.005120038419401384, 0.5702431792756019)
('wav2vec_small', 'spokencoco_val', 6, '0.5', 0.0034778741095728323, 0.6997824639471775)
('wav2vec_small', 'spokencoco_val', 7, '0.5', -0.002387031525248501, 0.7912675264619076)
('wav2vec_small', 'spokencoco_val', 8, '0.5', -0.012579591996334953, 0.16306688569237437)
('wav2vec_small', 'spokencoco_val', 9, '0.5', -0.014993936807531907, 0.09640013455937455)
('wav2vec_small', 'spokencoco_val', 10, '0.5', -0.01064557711958024, 0.23785187221860357)
('wav2vec_small', 'spokencoco_val', 11, '0.5', -0.015025476901277764, 0.09570152937695194)
('fast_vgs', 'librispeech_train', 0, '0.5', 0.03386715646340694, 7.134193317077995e-05)
('fast_vgs', 'librispeech_train', 1, '0.5', 0.0815450030236097, 1.0050092605860944e-21)
('fast_vgs', 'librispeech_train', 2, '0.5', 0.08541142998628692, 1.1017716003552726e-23)
('fast_vgs', 'librispeech_train', 3, '0.5', 0.09399760232287296, 2.3214921893124566e-28)
('fast_vgs', 'librispeech_train', 4, '0.5', 0.10281959706428831, 1.2411823217364085e-33)
('fast_vgs', 'librispeech_train', 5, '0.5', 0.11214999104663612, 9.988152688726831e-40)
('fast_vgs', 'librispeech_train', 6, '0.5', 0.11547340172387764, 5.0033693616720516e-42)
('fast_vgs', 'librispeech_train', 7, '0.5', 0.11189419872610928, 1.491766731924069e-39)
('fast_vgs', 'librispeech_train', 8, '0.5', 0.12485451525359052, 6.875813463532728e-49)
('fast_vgs', 'librispeech_train', 9, '0.5', 0.12719251367484752, 1.1015087313662312e-50)
('fast_vgs', 'librispeech_train', 10, '0.5', 0.13047123153435639, 2.9295009098530416e-53)
('fast_vgs', 'librispeech_train', 11, '0.5', 0.12989985976543195, 8.325303931852358e-53)
('fast_vgs', 'librispeech_train', 12, '0.5', 0.1277855467395896, 3.812232175316716e-51)
('wav2vec_random', 'librispeech_train', 0, '0.5', 0.047938360466820526, 1.8703555875650154e-08)
('wav2vec_random', 'librispeech_train', 1, '0.5', 0.04911314382530198, 8.33395475089208e-09)
('wav2vec_random', 'librispeech_train', 2, '0.5', 0.05004681526858757, 4.325788576646512e-09)
('wav2vec_random', 'librispeech_train', 3, '0.5', 0.050806732144383075, 2.5147979779752105e-09)
('wav2vec_random', 'librispeech_train', 4, '0.5', 0.051791142081222985, 1.2311482674007667e-09)
('wav2vec_random', 'librispeech_train', 5, '0.5', 0.053083730037839776, 4.724526372905671e-10)
('wav2vec_random', 'librispeech_train', 6, '0.5', 0.054032696103837034, 2.305278312943404e-10)
('wav2vec_random', 'librispeech_train', 7, '0.5', 0.05511988375077273, 9.981029206291703e-11)
('wav2vec_random', 'librispeech_train', 8, '0.5', 0.05443539780854785, 1.6938509179062795e-10)
('wav2vec_random', 'librispeech_train', 9, '0.5', 0.053923381249481726, 2.505486300996818e-10)
('wav2vec_random', 'librispeech_train', 10, '0.5', 0.05484517676652269, 1.2350752648366644e-10)
('wav2vec_random', 'librispeech_train', 11, '0.5', 0.05500816766322347, 1.0885633165954877e-10)
('hubert_base_ls960', 'librispeech_train', 0, '0.5', 0.06729483559356281, 2.818680888309534e-15)
('hubert_base_ls960', 'librispeech_train', 1, '0.5', 0.07992055729639953, 6.2918419772270726e-21)
('hubert_base_ls960', 'librispeech_train', 2, '0.5', 0.08753953502025019, 8.408243769284863e-25)
('hubert_base_ls960', 'librispeech_train', 3, '0.5', 0.09264396925190667, 1.3574080236305185e-27)
('hubert_base_ls960', 'librispeech_train', 4, '0.5', 0.09183200239560005, 3.867333033131261e-27)
('hubert_base_ls960', 'librispeech_train', 5, '0.5', 0.09974060827680148, 9.722652515885673e-32)
('hubert_base_ls960', 'librispeech_train', 6, '0.5', 0.10964082140562406, 4.909268512424092e-38)
('hubert_base_ls960', 'librispeech_train', 7, '0.5', 0.1287360393794885, 6.88700356657653e-52)
('hubert_base_ls960', 'librispeech_train', 8, '0.5', 0.14108745260147887, 4.633753551240866e-62)
('hubert_base_ls960', 'librispeech_train', 9, '0.5', 0.13448281975973442, 1.6766559537940518e-56)
('hubert_base_ls960', 'librispeech_train', 10, '0.5', 0.11442233878461427, 2.7171045838311805e-41)
('hubert_base_ls960', 'librispeech_train', 11, '0.5', 0.11226809470292487, 8.296800731640103e-40)
('fast_vgs', 'spokencoco_val', 0, '0.5', -0.02802065093611431, 0.0018872206390090599)
('fast_vgs', 'spokencoco_val', 1, '0.5', -0.0358958583357068, 6.854681742630323e-05)
('fast_vgs', 'spokencoco_val', 2, '0.5', -0.02629696584017729, 0.003543140349184944)
('fast_vgs', 'spokencoco_val', 3, '0.5', -0.02267446614613176, 0.011924233757251513)
('fast_vgs', 'spokencoco_val', 4, '0.5', -0.020965072468851154, 0.02008372380659627)
('fast_vgs', 'spokencoco_val', 5, '0.5', 0.003697019586088459, 0.681870241898072)
('fast_vgs', 'spokencoco_val', 6, '0.5', 0.04254672637812072, 2.3636663984195615e-06)
('fast_vgs', 'spokencoco_val', 7, '0.5', 0.08622671560498066, 9.86353638212255e-22)
('fast_vgs', 'spokencoco_val', 8, '0.5', 0.13826961305643937, 1.5187838258730096e-53)
('fast_vgs', 'spokencoco_val', 9, '0.5', 0.16054407660626077, 8.716472062671762e-72)
('fast_vgs', 'spokencoco_val', 10, '0.5', 0.15881974752046676, 2.8417822096701954e-70)
('fast_vgs', 'spokencoco_val', 11, '0.5', 0.15225442901009822, 1.1459833848111228e-64)
('fast_vgs', 'spokencoco_val', 12, '0.5', 0.1612438544675216, 2.0957798661701128e-72)
('fast_vgs_plus', 'spokencoco_val', 0, '0.5', -0.027948128732183747, 0.0019392370466737056)
('fast_vgs_plus', 'spokencoco_val', 1, '0.5', -0.02580850838759478, 0.004209472541221641)
('fast_vgs_plus', 'spokencoco_val', 2, '0.5', -0.012179345951426498, 0.176872342645758)
('fast_vgs_plus', 'spokencoco_val', 3, '0.5', -0.01233147875490125, 0.17152573855649364)
('fast_vgs_plus', 'spokencoco_val', 4, '0.5', -0.017888719017749948, 0.04730163907766286)
('fast_vgs_plus', 'spokencoco_val', 5, '0.5', -0.010464224279564083, 0.24594146269346312)
('fast_vgs_plus', 'spokencoco_val', 6, '0.5', 0.023148648901069328, 0.010259005136727464)
('fast_vgs_plus', 'spokencoco_val', 7, '0.5', 0.0746777651387166, 1.1177733035070488e-16)
('fast_vgs_plus', 'spokencoco_val', 8, '0.5', 0.1446059623512601, 1.90310435537982e-58)
('fast_vgs_plus', 'spokencoco_val', 9, '0.5', -0.005953335602847857, 0.5091972137159088)
('fast_vgs_plus', 'spokencoco_val', 10, '0.5', -0.03280497766465273, 0.000274480142491191)
('fast_vgs_plus', 'spokencoco_val', 11, '0.5', -0.02876213884313872, 0.0014242430602881965)
('fast_vgs_plus', 'spokencoco_val', 12, '0.5', -0.026753031152945334, 0.003009150922847779)
('wav2vec_small', 'librispeech_train', 0, '0.5', 0.057758053132783496, 1.2245815023412162e-11)
('wav2vec_small', 'librispeech_train', 1, '0.5', 0.06364108489264979, 8.085009479078754e-14)
('wav2vec_small', 'librispeech_train', 2, '0.5', 0.07569254000408268, 6.276111619910332e-19)
('wav2vec_small', 'librispeech_train', 3, '0.5', 0.08010687917015585, 5.1075782570447546e-21)
('wav2vec_small', 'librispeech_train', 4, '0.5', 0.09043518432724187, 2.2922426631590485e-26)
('wav2vec_small', 'librispeech_train', 5, '0.5', 0.1025654653181857, 1.7879412807886578e-33)
('wav2vec_small', 'librispeech_train', 6, '0.5', 0.11808033564919525, 7.033170440252347e-44)
('wav2vec_small', 'librispeech_train', 7, '0.5', 0.11195727918628778, 1.3513734404230315e-39)
('wav2vec_small', 'librispeech_train', 8, '0.5', 0.08471141315119574, 2.5331267447136072e-23)
('wav2vec_small', 'librispeech_train', 9, '0.5', 0.07617176277878651, 3.7715784226347037e-19)
('wav2vec_small', 'librispeech_train', 10, '0.5', 0.0696846438362818, 2.8418333513764307e-16)
('wav2vec_small', 'librispeech_train', 11, '0.5', 0.07486495908682508, 1.5010123246933404e-18)
('hubert_base_ls960', 'spokencoco_val', 0, '0.5', -0.01047084639794341, 0.24564271865288118)
('hubert_base_ls960', 'spokencoco_val', 1, '0.5', -0.015291451650002686, 0.08997018807102293)
('hubert_base_ls960', 'spokencoco_val', 2, '0.5', -0.011791968801035597, 0.19104551447548132)
('hubert_base_ls960', 'spokencoco_val', 3, '0.5', -0.01712724614887163, 0.05754596494808827)
('hubert_base_ls960', 'spokencoco_val', 4, '0.5', -0.007097467787522236, 0.4313116318509529)
('hubert_base_ls960', 'spokencoco_val', 5, '0.5', 0.006225344928764051, 0.490037999414155)
('hubert_base_ls960', 'spokencoco_val', 6, '0.5', 0.018674157062705275, 0.03838707891790978)
('hubert_base_ls960', 'spokencoco_val', 7, '0.5', 0.030404063150133376, 0.0007466182223417052)
('hubert_base_ls960', 'spokencoco_val', 8, '0.5', 0.04791718154728248, 1.0611881794394644e-07)
('hubert_base_ls960', 'spokencoco_val', 9, '0.5', 0.034186689827693115, 0.0001496837189801265)
('hubert_base_ls960', 'spokencoco_val', 10, '0.5', 0.023125269827370034, 0.010335982677310975)
('hubert_base_ls960', 'spokencoco_val', 11, '0.5', 0.009173089179933735, 0.309107118317692)
