('bow', 'spokencoco_val', 0) {'mse': {'mean': 0.013931291537705452, 'std': 0.005186024314274113, 'alpha': 10}, 'r2': {'mean': -0.263570101080069, 'std': 0.21009744224588034, 'alpha': 10}, 'pearson_r': {'mean': -0.0018843368573918016, 'std': 0.010889554581997246, 'alpha': 0.001}}
('wav2vec_random', 'spokencoco_val', 0) {'mse': {'mean': 0.013925191204312404, 'std': 0.005185135716151046, 'alpha': 10}, 'r2': {'mean': -0.26390711223739594, 'std': 0.2135808887683383, 'alpha': 10}, 'pearson_r': {'mean': 0.035881269703448064, 'std': 0.01398214359556116, 'alpha': 0.1}}
('wav2vec_random', 'spokencoco_val', 1) {'mse': {'mean': 0.01391692143733995, 'std': 0.005193276811358877, 'alpha': 10}, 'r2': {'mean': -0.26277871261040686, 'std': 0.21287735250345768, 'alpha': 10}, 'pearson_r': {'mean': 0.03638211633135698, 'std': 0.0143183780880452, 'alpha': 10}}
('wav2vec_random', 'spokencoco_val', 2) {'mse': {'mean': 0.013918930353348643, 'std': 0.0052091734746461185, 'alpha': 10}, 'r2': {'mean': -0.26238257294043815, 'std': 0.2119759115387939, 'alpha': 0.001}, 'pearson_r': {'mean': 0.037184579592055504, 'std': 0.015046638333380534, 'alpha': 1}}
('wav2vec_random', 'spokencoco_val', 3) {'mse': {'mean': 0.01390876243716899, 'std': 0.005211566039338421, 'alpha': 1}, 'r2': {'mean': -0.2612917296021456, 'std': 0.2115647698605861, 'alpha': 0.001}, 'pearson_r': {'mean': 0.0369058493457249, 'std': 0.01543754561587881, 'alpha': 0.01}}
('wav2vec_random', 'spokencoco_val', 4) {'mse': {'mean': 0.013902744763362288, 'std': 0.005225900230703939, 'alpha': 1}, 'r2': {'mean': -0.2601341914459795, 'std': 0.2104282174603297, 'alpha': 0.001}, 'pearson_r': {'mean': 0.037086624532097365, 'std': 0.01518398057893315, 'alpha': 10}}
('wav2vec_random', 'spokencoco_val', 5) {'mse': {'mean': 0.013893869680778053, 'std': 0.0052277314119816886, 'alpha': 0.001}, 'r2': {'mean': -0.25915917943358247, 'std': 0.20997733340487132, 'alpha': 0.001}, 'pearson_r': {'mean': 0.03778350065523588, 'std': 0.01525981838556593, 'alpha': 0.01}}
('wav2vec_random', 'spokencoco_val', 6) {'mse': {'mean': 0.013882179378710072, 'std': 0.0052306798803543435, 'alpha': 0.001}, 'r2': {'mean': -0.25759488993640717, 'std': 0.20836669972887786, 'alpha': 0.001}, 'pearson_r': {'mean': 0.03821990083140335, 'std': 0.015493386659319146, 'alpha': 1}}
('wav2vec_random', 'spokencoco_val', 7) {'mse': {'mean': 0.013867886633061762, 'std': 0.005217156202086449, 'alpha': 0.001}, 'r2': {'mean': -0.25612838752013134, 'std': 0.20670965594050744, 'alpha': 0.001}, 'pearson_r': {'mean': 0.0385928645107667, 'std': 0.015699696650709416, 'alpha': 1}}
('wav2vec_random', 'spokencoco_val', 8) {'mse': {'mean': 0.013848144773217478, 'std': 0.005222058256062766, 'alpha': 0.001}, 'r2': {'mean': -0.2534108563601853, 'std': 0.20365784956124935, 'alpha': 0.001}, 'pearson_r': {'mean': 0.038841303323632996, 'std': 0.01613044903043727, 'alpha': 0.01}}
('wav2vec_random', 'spokencoco_val', 9) {'mse': {'mean': 0.013854754376268147, 'std': 0.005211414062825444, 'alpha': 0.001}, 'r2': {'mean': -0.2543555608785753, 'std': 0.20408107283428345, 'alpha': 0.001}, 'pearson_r': {'mean': 0.03827482450119238, 'std': 0.016002099275232086, 'alpha': 0.1}}
('wav2vec_random', 'spokencoco_val', 10) {'mse': {'mean': 0.013869206157455951, 'std': 0.005222597017261907, 'alpha': 0.001}, 'r2': {'mean': -0.25553778100329805, 'std': 0.20443749943070405, 'alpha': 0.001}, 'pearson_r': {'mean': 0.03842627025923135, 'std': 0.01637099900758681, 'alpha': 10}}
('wav2vec_random', 'spokencoco_val', 11) {'mse': {'mean': 0.013851913174879507, 'std': 0.005209496816549881, 'alpha': 0.001}, 'r2': {'mean': -0.2542001725232218, 'std': 0.20427351611394326, 'alpha': 0.001}, 'pearson_r': {'mean': 0.037697695992973776, 'std': 0.016233028899340664, 'alpha': 0.001}}
('wav2vec_small', 'spokencoco_val', 0) {'mse': {'mean': 0.013895968691108998, 'std': 0.005330243587851035, 'alpha': 10}, 'r2': {'mean': -0.2537118374027279, 'std': 0.19584060445550613, 'alpha': 0.001}, 'pearson_r': {'mean': -0.0146190000025471, 'std': 0.025280351388467362, 'alpha': 0.1}}
('wav2vec_small', 'spokencoco_val', 1) {'mse': {'mean': 0.013910223299061112, 'std': 0.005271335895707402, 'alpha': 10}, 'r2': {'mean': -0.25795698534472844, 'std': 0.20211458922225095, 'alpha': 0.001}, 'pearson_r': {'mean': -0.01379341348894792, 'std': 0.02792473449960836, 'alpha': 0.001}}
('wav2vec_small', 'spokencoco_val', 2) {'mse': {'mean': 0.013826611369798528, 'std': 0.005318187413924492, 'alpha': 0.001}, 'r2': {'mean': -0.24625112396390506, 'std': 0.1901283071822611, 'alpha': 0.001}, 'pearson_r': {'mean': -0.01186972438580949, 'std': 0.026872985351674053, 'alpha': 0.001}}
('wav2vec_small', 'spokencoco_val', 3) {'mse': {'mean': 0.013866655958851917, 'std': 0.005357888426014645, 'alpha': 10}, 'r2': {'mean': -0.2502499481115267, 'std': 0.19499402699543644, 'alpha': 0.001}, 'pearson_r': {'mean': -0.01365868075327468, 'std': 0.028309390371741325, 'alpha': 0.001}}
('wav2vec_small', 'spokencoco_val', 4) {'mse': {'mean': 0.013916454859814279, 'std': 0.005336853561356395, 'alpha': 10}, 'r2': {'mean': -0.25643135234803105, 'std': 0.19918512650295433, 'alpha': 0.001}, 'pearson_r': {'mean': -0.018580134042297573, 'std': 0.029706779358472178, 'alpha': 0.01}}
('wav2vec_small', 'spokencoco_val', 5) {'mse': {'mean': 0.013918702384215267, 'std': 0.005395891596842839, 'alpha': 10}, 'r2': {'mean': -0.2544958610557274, 'std': 0.19564208576466965, 'alpha': 0.001}, 'pearson_r': {'mean': -0.024570467367190946, 'std': 0.03290570037006887, 'alpha': 10}}
('wav2vec_small', 'spokencoco_val', 6) {'mse': {'mean': 0.013944701122680248, 'std': 0.005396817404259322, 'alpha': 10}, 'r2': {'mean': -0.257323171947915, 'std': 0.1974085752942854, 'alpha': 0.001}, 'pearson_r': {'mean': -0.03351995497596221, 'std': 0.03199781062513325, 'alpha': 0.01}}
('wav2vec_small', 'spokencoco_val', 7) {'mse': {'mean': 0.013891624719233686, 'std': 0.005404834696831716, 'alpha': 10}, 'r2': {'mean': -0.2507691484455449, 'std': 0.19201226581772718, 'alpha': 0.001}, 'pearson_r': {'mean': -0.024951976643926337, 'std': 0.02537325170642786, 'alpha': 10}}
('wav2vec_small', 'spokencoco_val', 8) {'mse': {'mean': 0.01389180176754965, 'std': 0.0053583313996803175, 'alpha': 10}, 'r2': {'mean': -0.25325029167808505, 'std': 0.19775515166863486, 'alpha': 0.001}, 'pearson_r': {'mean': -0.01308553977543048, 'std': 0.023703710133384733, 'alpha': 0.001}}
('wav2vec_small', 'spokencoco_val', 9) {'mse': {'mean': 0.0139465724198025, 'std': 0.0053144833103264885, 'alpha': 10}, 'r2': {'mean': -0.2615042750602497, 'std': 0.2066569644758491, 'alpha': 0.001}, 'pearson_r': {'mean': -0.005225278733382522, 'std': 0.019595238480099076, 'alpha': 10}}
('wav2vec_small', 'spokencoco_val', 10) {'mse': {'mean': 0.01388876482365512, 'std': 0.005225109225905139, 'alpha': 0.001}, 'r2': {'mean': -0.25783186202348957, 'std': 0.20615625511681454, 'alpha': 0.001}, 'pearson_r': {'mean': 0.006501092734427068, 'std': 0.013468857351071827, 'alpha': 0.01}}
('wav2vec_small', 'spokencoco_val', 11) {'mse': {'mean': 0.013892132042364285, 'std': 0.005259527271216934, 'alpha': 10}, 'r2': {'mean': -0.2574476270295993, 'std': 0.2064772386040073, 'alpha': 0.001}, 'pearson_r': {'mean': 0.012579068437596314, 'std': 0.012751724773592496, 'alpha': 10}}
('wav2vec_large_en', 'spokencoco_val', 0) {'mse': {'mean': 0.014072323062478399, 'std': 0.0051531849899557, 'alpha': 10}, 'r2': {'mean': -0.28184310142192887, 'std': 0.22801473871877745, 'alpha': 10}, 'pearson_r': {'mean': 0.006887918675600182, 'std': 0.015161975622968143, 'alpha': 0.01}}
('wav2vec_large_en', 'spokencoco_val', 1) {'mse': {'mean': 0.014088359610123998, 'std': 0.005109885594940057, 'alpha': 10}, 'r2': {'mean': -0.2870754842019875, 'std': 0.23939396412828678, 'alpha': 10}, 'pearson_r': {'mean': 0.003920801476902062, 'std': 0.013187137583181449, 'alpha': 0.001}}
('wav2vec_large_en', 'spokencoco_val', 2) {'mse': {'mean': 0.014076855754981507, 'std': 0.005090535170062746, 'alpha': 10}, 'r2': {'mean': -0.28747626979562846, 'std': 0.2434503466516725, 'alpha': 10}, 'pearson_r': {'mean': 0.005425268217241474, 'std': 0.021415793887749675, 'alpha': 0.1}}
('wav2vec_large_en', 'spokencoco_val', 3) {'mse': {'mean': 0.01396428654161111, 'std': 0.005197306338943011, 'alpha': 10}, 'r2': {'mean': -0.26783732522443504, 'std': 0.21546539959570898, 'alpha': 10}, 'pearson_r': {'mean': -0.01645253776565747, 'std': 0.025002775199758374, 'alpha': 0.1}}
('wav2vec_large_en', 'spokencoco_val', 4) {'mse': {'mean': 0.013951347476507597, 'std': 0.005225469117233694, 'alpha': 10}, 'r2': {'mean': -0.26476549415206974, 'std': 0.2103777413820248, 'alpha': 10}, 'pearson_r': {'mean': -0.01638391017959794, 'std': 0.03329539030860331, 'alpha': 1}}
('wav2vec_large_en', 'spokencoco_val', 5) {'mse': {'mean': 0.013934190680054834, 'std': 0.005204840448712531, 'alpha': 10}, 'r2': {'mean': -0.2631742751267333, 'std': 0.20861131055643745, 'alpha': 0.001}, 'pearson_r': {'mean': -0.024709076688024828, 'std': 0.029370615686248238, 'alpha': 1}}
('wav2vec_large_en', 'spokencoco_val', 6) {'mse': {'mean': 0.013946069692506521, 'std': 0.005208435430864624, 'alpha': 10}, 'r2': {'mean': -0.2646580848007116, 'std': 0.2104827001550979, 'alpha': 10}, 'pearson_r': {'mean': -0.021615814661563426, 'std': 0.032468488600471045, 'alpha': 10}}
('wav2vec_large_en', 'spokencoco_val', 7) {'mse': {'mean': 0.014004605962545717, 'std': 0.005173278688293718, 'alpha': 10}, 'r2': {'mean': -0.2747567257040765, 'std': 0.2259667703633516, 'alpha': 10}, 'pearson_r': {'mean': -0.038499566179058496, 'std': 0.0395147622716264, 'alpha': 10}}
('wav2vec_large_en', 'spokencoco_val', 8) {'mse': {'mean': 0.014051087507893498, 'std': 0.005199383510563198, 'alpha': 10}, 'r2': {'mean': -0.27857211540757254, 'std': 0.22564919502454403, 'alpha': 10}, 'pearson_r': {'mean': -0.043045699077545393, 'std': 0.04342760664626724, 'alpha': 1}}
('wav2vec_large_en', 'spokencoco_val', 9) {'mse': {'mean': 0.014022011857221756, 'std': 0.005231038629091022, 'alpha': 10}, 'r2': {'mean': -0.2725719494859484, 'std': 0.2148884145344749, 'alpha': 10}, 'pearson_r': {'mean': -0.07346298643741343, 'std': 0.05757008298849259, 'alpha': 0.1}}
('wav2vec_large_en', 'spokencoco_val', 10) {'mse': {'mean': 0.014050588772962617, 'std': 0.005197157139247728, 'alpha': 10}, 'r2': {'mean': -0.27735694704290886, 'std': 0.2206047210499983, 'alpha': 10}, 'pearson_r': {'mean': -0.08730969001128075, 'std': 0.06358429765350078, 'alpha': 10}}
('wav2vec_large_en', 'spokencoco_val', 11) {'mse': {'mean': 0.014014940015745658, 'std': 0.005022812864352513, 'alpha': 10}, 'r2': {'mean': -0.28366252701209216, 'std': 0.24662456074905406, 'alpha': 10}, 'pearson_r': {'mean': 0.10719703834376522, 'std': 0.07544084012864559, 'alpha': 0.1}}
('wav2vec_large_en', 'spokencoco_val', 12) {'mse': {'mean': 0.014073666242156285, 'std': 0.004920095091272064, 'alpha': 10}, 'r2': {'mean': -0.2935522453480412, 'std': 0.25709093349469186, 'alpha': 10}, 'pearson_r': {'mean': 0.17027203924976883, 'std': 0.09885589198756044, 'alpha': 1}}
('wav2vec_large_en', 'spokencoco_val', 13) {'mse': {'mean': 0.013673531014613905, 'std': 0.004467751137524843, 'alpha': 10}, 'r2': {'mean': -0.26804367243659954, 'std': 0.27674310312009226, 'alpha': 10}, 'pearson_r': {'mean': 0.2266988677525291, 'std': 0.108018100603143, 'alpha': 0.01}}
('wav2vec_large_en', 'spokencoco_val', 14) {'mse': {'mean': 0.013590893518614356, 'std': 0.004463722390343446, 'alpha': 10}, 'r2': {'mean': -0.2555565388676151, 'std': 0.2611929817222993, 'alpha': 10}, 'pearson_r': {'mean': 0.22876298045861204, 'std': 0.1086543594958811, 'alpha': 0.01}}
('wav2vec_large_en', 'spokencoco_val', 15) {'mse': {'mean': 0.013798200077516785, 'std': 0.004697998103554774, 'alpha': 10}, 'r2': {'mean': -0.2716193830850918, 'std': 0.2640920133314078, 'alpha': 10}, 'pearson_r': {'mean': 0.20303475460966566, 'std': 0.12087613332636296, 'alpha': 0.01}}
('wav2vec_large_en', 'spokencoco_val', 16) {'mse': {'mean': 0.013981283980032257, 'std': 0.0048611737632776155, 'alpha': 10}, 'r2': {'mean': -0.2919639002607021, 'std': 0.2832626981876281, 'alpha': 10}, 'pearson_r': {'mean': 0.16360789490409022, 'std': 0.09860022830477475, 'alpha': 0.001}}
('wav2vec_large_en', 'spokencoco_val', 17) {'mse': {'mean': 0.013967354854914248, 'std': 0.00493192650775524, 'alpha': 10}, 'r2': {'mean': -0.2865128503153446, 'std': 0.27292532085988935, 'alpha': 10}, 'pearson_r': {'mean': 0.15499195191489312, 'std': 0.09721067797681376, 'alpha': 0.1}}
('wav2vec_large_en', 'spokencoco_val', 18) {'mse': {'mean': 0.014004763933966002, 'std': 0.005022041743050247, 'alpha': 10}, 'r2': {'mean': -0.2840716414639484, 'std': 0.2529602276856307, 'alpha': 10}, 'pearson_r': {'mean': 0.12411292136494283, 'std': 0.07788569356204483, 'alpha': 0.1}}
('wav2vec_large_en', 'spokencoco_val', 19) {'mse': {'mean': 0.01401843425828884, 'std': 0.005098554771965897, 'alpha': 10}, 'r2': {'mean': -0.28022858350486246, 'std': 0.23684993571975865, 'alpha': 10}, 'pearson_r': {'mean': 0.11602133214549495, 'std': 0.06920790950666382, 'alpha': 10}}
('wav2vec_large_en', 'spokencoco_val', 20) {'mse': {'mean': 0.013950849817242419, 'std': 0.005401503115717888, 'alpha': 10}, 'r2': {'mean': -0.25663806976995795, 'std': 0.1926572117834622, 'alpha': 0.001}, 'pearson_r': {'mean': -0.10078202428572243, 'std': 0.05524459121985165, 'alpha': 1}}
('wav2vec_large_en', 'spokencoco_val', 21) {'mse': {'mean': 0.013992931704531081, 'std': 0.005513730808711571, 'alpha': 10}, 'r2': {'mean': -0.25837838333491553, 'std': 0.1938339954239131, 'alpha': 0.001}, 'pearson_r': {'mean': -0.0919550969743937, 'std': 0.044858211782337246, 'alpha': 0.001}}
('wav2vec_large_en', 'spokencoco_val', 22) {'mse': {'mean': 0.014010908307410785, 'std': 0.005440686127687252, 'alpha': 10}, 'r2': {'mean': -0.2634953929621412, 'std': 0.20125372905313837, 'alpha': 10}, 'pearson_r': {'mean': -0.08637002731908514, 'std': 0.04544032991130046, 'alpha': 0.01}}
('wav2vec_large_en', 'spokencoco_val', 23) {'mse': {'mean': 0.01404166513880833, 'std': 0.005277329443567116, 'alpha': 10}, 'r2': {'mean': -0.2723642935300571, 'std': 0.2115627435723015, 'alpha': 10}, 'pearson_r': {'mean': -0.01695210189665338, 'std': 0.08268342918497677, 'alpha': 0.01}}
