0, 0.40010949860212564, 2.1698628958040205, 10.0, 'WC-base'
1, 0.40010949860212564, 2.1698628958040205, 10.0, 'WC-base'
2, 0.40010949860212564, 2.1698628958040205, 10.0, 'WC-base'
3, 0.40010949860212564, 2.1698628958040205, 10.0, 'WC-base'
4, 0.40010949860212564, 2.1698628958040205, 10.0, 'WC-base'
5, 0.40010949860212564, 2.1698628958040205, 10.0, 'WC-base'
6, 0.40010949860212564, 2.1698628958040205, 10.0, 'WC-base'
7, 0.40010949860212564, 2.1698628958040205, 10.0, 'WC-base'
8, 0.40010949860212564, 2.1698628958040205, 10.0, 'WC-base'
9, 0.40010949860212564, 2.1698628958040205, 10.0, 'WC-base'
10, 0.40010949860212564, 2.1698628958040205, 10.0, 'WC-base'
11, 0.40010949860212564, 2.1698628958040205, 10.0, 'WC-base'
0, 0.30640334955319004, 2.508807245574795, 10.0, 'AL-base'
1, 0.30640334955319004, 2.508807245574795, 10.0, 'AL-base'
2, 0.30640334955319004, 2.508807245574795, 10.0, 'AL-base'
3, 0.30640334955319004, 2.508807245574795, 10.0, 'AL-base'
4, 0.30640334955319004, 2.508807245574795, 10.0, 'AL-base'
5, 0.30640334955319004, 2.508807245574795, 10.0, 'AL-base'
6, 0.30640334955319004, 2.508807245574795, 10.0, 'AL-base'
7, 0.30640334955319004, 2.508807245574795, 10.0, 'AL-base'
8, 0.30640334955319004, 2.508807245574795, 10.0, 'AL-base'
9, 0.30640334955319004, 2.508807245574795, 10.0, 'AL-base'
10, 0.30640334955319004, 2.508807245574795, 10.0, 'AL-base'
11, 0.30640334955319004, 2.508807245574795, 10.0, 'AL-base'
0, 0.40017959895512223, 2.1696093359383526, 10.0, 'embedding'
0, 0.40563272989037835, 2.149884825457188, 10.0, 'audiolen'
0, 0.4402236690602779, 2.0247659991699263, 10.0, 'everything'
0, 0.4332483775223036, 2.0499963141364033, 10.0, 'wordcount'
1, 0.4118951394433419, 2.127233074686606, 10.0, 'embedding'
1, 0.41423956312580856, 2.118753063836668, 10.0, 'audiolen'
1, 0.445716169798668, 2.0048990842418895, 10.0, 'everything'
1, 0.4365369878185825, 2.038101087517501, 10.0, 'wordcount'
10, 0.4026734940610591, 2.1605886722609147, 1.0, 'embedding'
10, 0.4026986203792323, 2.1604977878988767, 1.0, 'audiolen'
10, 0.4349411702643047, 2.0438733164349974, 1.0, 'everything'
10, 0.4232072257559023, 2.086316146836339, 1.0, 'wordcount'
11, 0.3945568628682702, 2.189947324920223, 10.0, 'embedding'
11, 0.39677730358506125, 2.1819157726411476, 10.0, 'audiolen'
11, 0.4350018389505378, 2.0436538718348785, 10.0, 'everything'
11, 0.42604454474970865, 2.0760532852076348, 10.0, 'wordcount'
2, 0.4206704979087198, 2.0954917407481073, 10.0, 'embedding'
2, 0.4219455556580084, 2.0908797315668624, 10.0, 'audiolen'
2, 0.44811317794648986, 1.9962288702131985, 10.0, 'everything'
2, 0.4387933539825166, 2.029939589365656, 10.0, 'wordcount'
3, 0.4433063178654114, 2.013615755504679, 10.0, 'embedding'
3, 0.4444680941455985, 2.0094134965295343, 10.0, 'audiolen'
3, 0.4604029333868386, 1.9517756170505325, 10.0, 'everything'
3, 0.4549361764988914, 1.9715494139416254, 10.0, 'wordcount'
4, 0.4789977166396764, 1.8845164586844125, 10.0, 'embedding'
4, 0.4803726927678583, 1.8795430349075628, 10.0, 'audiolen'
4, 0.48330632204503965, 1.868931809519318, 10.0, 'everything'
4, 0.48424892721818336, 1.8655223139766626, 10.0, 'wordcount'
5, 0.4953780103748523, 1.8252673265252826, 10.0, 'embedding'
5, 0.4962286013204128, 1.8221906554861884, 10.0, 'audiolen'
5, 0.49572168604663513, 1.824024217846858, 10.0, 'everything'
5, 0.49691214956249563, 1.81971819432114, 10.0, 'wordcount'
6, 0.5165410666938925, 1.748718472090197, 10.0, 'embedding'
6, 0.5165164239648329, 1.7488076072628884, 10.0, 'audiolen'
6, 0.5136771404819005, 1.759077574641815, 10.0, 'everything'
6, 0.5150027803590289, 1.7542826049333826, 10.0, 'wordcount'
7, 0.5185002980091007, 1.7416317398861347, 1.0, 'embedding'
7, 0.5183459181014927, 1.742190147183126, 1.0, 'audiolen'
7, 0.517337847486784, 1.745836437661321, 1.0, 'everything'
7, 0.5185267606843371, 1.741536021789273, 1.0, 'wordcount'
8, 0.4909382507560046, 1.841326373369295, 1.0, 'embedding'
8, 0.4911077053943115, 1.8407134392899471, 1.0, 'audiolen'
8, 0.49064796735543614, 1.842376356955789, 1.0, 'everything'
8, 0.49141844168381144, 1.8395894755942481, 1.0, 'wordcount'
9, 0.42686337925260043, 2.073091480342432, 10.0, 'embedding'
9, 0.42805234417930493, 2.06879087736096, 10.0, 'audiolen'
9, 0.44868607567432595, 1.9941566428319923, 10.0, 'everything'
9, 0.4429567925576896, 2.0148800228911483, 10.0, 'wordcount'
