 0, 0.43449681085285885, 28.19293631467329, 10.0, 'WC-base'
1, 0.43449681085285885, 28.19293631467329, 10.0, 'WC-base'
2, 0.43449681085285885, 28.19293631467329, 10.0, 'WC-base'
3, 0.43449681085285885, 28.19293631467329, 10.0, 'WC-base'
4, 0.43449681085285885, 28.19293631467329, 10.0, 'WC-base'
5, 0.43449681085285885, 28.19293631467329, 10.0, 'WC-base'
6, 0.43449681085285885, 28.19293631467329, 10.0, 'WC-base'
7, 0.43449681085285885, 28.19293631467329, 10.0, 'WC-base'
8, 0.43449681085285885, 28.19293631467329, 10.0, 'WC-base'

0, 0.30198450073345406, 34.799284770003666, 10.0, 'AL-base'
1, 0.30198450073345406, 34.799284770003666, 10.0, 'AL-base'
2, 0.30198450073345406, 34.799284770003666, 10.0, 'AL-base'
3, 0.30198450073345406, 34.799284770003666, 10.0, 'AL-base'
4, 0.30198450073345406, 34.799284770003666, 10.0, 'AL-base'
5, 0.30198450073345406, 34.799284770003666, 10.0, 'AL-base'
6, 0.30198450073345406, 34.799284770003666, 10.0, 'AL-base'
7, 0.30198450073345406, 34.799284770003666, 10.0, 'AL-base'
8, 0.30198450073345406, 34.799284770003666, 10.0, 'AL-base'

0, 0.12290311661572473, 43.727315865971555, 0.1, 'embedding'
0, 0.3830591817174436, 30.75733883303861, 0.1, 'audiolen'
0, 0.4559309691840192, 27.124344886037168, 10.0, 'everything'
0, 0.45392424252455876, 27.224389444577056, 10.0, 'wordcount'
1, 0.3773910502662112, 31.039921269521045, 1.0, 'embedding'
1, 0.4094978940095271, 29.439247359466503, 1.0, 'audiolen'
1, 0.47062651176828985, 26.391704462182524, 1.0, 'everything'
1, 0.4672030794310823, 26.562378318162093, 1.0, 'wordcount'
2, 0.3946488531625002, 30.179540378088685, 0.1, 'embedding'
2, 0.42908011117511824, 28.46298372020705, 1.0, 'audiolen'
2, 0.48139154733064615, 25.855017900799165, 1.0, 'everything'
2, 0.4790392186250333, 25.97229231173315, 1.0, 'wordcount'
3, 0.40275393533961734, 29.775464733547626, 0.1, 'embedding'
3, 0.44072508962994983, 27.88242795630775, 1.0, 'audiolen'
3, 0.4845041592599676, 25.699839872487782, 1.0, 'everything'
3, 0.4829614791398814, 25.776749575587946, 1.0, 'wordcount'
4, 0.41694076524048973, 29.068185977957217, 0.1, 'embedding'
4, 0.4611447631404254, 26.86441326444459, 1.0, 'audiolen'
4, 0.4993144403310542, 24.96147920706117, 1.0, 'everything'
4, 0.4977693203652115, 25.03851054769999, 1.0, 'wordcount'
5, 0.45906044635895993, 26.968326047621083, 1.0, 'embedding'
5, 0.4955019423416094, 25.151549776209222, 1.0, 'audiolen'
5, 0.524932548161055, 23.684298642186018, 1.0, 'everything'
5, 0.5243982878684699, 23.710933976333337, 1.0, 'wordcount'
6, 0.4789483954506869, 25.976820264924903, 1.0, 'embedding'
6, 0.512713875194355, 24.29345571753252, 1.0, 'audiolen'
6, 0.5374745943838382, 23.059019921922935, 1.0, 'everything'
6, 0.5371875401791619, 23.073330894993664, 1.0, 'wordcount'
7, 0.4965690883092515, 25.09834763892408, 1.0, 'embedding'
7, 0.5280538892907194, 23.528685423067454, 10.0, 'audiolen'
7, 0.5501939463792034, 22.424901692969964, 10.0, 'everything'
7, 0.5501377615565499, 22.42770276493086, 10.0, 'wordcount'
8, 0.48441731640369, 25.704169388507154, 1.0, 'embedding'
8, 0.517718142980301, 24.04396993973607, 10.0, 'audiolen'
8, 0.5389449949480231, 22.985713687300912, 10.0, 'everything'
8, 0.5389778180301521, 22.984077305611343, 10.0, 'wordcount'

0, 0.5419121911280744, 22.837785303265633, 10.0, 'BOW'
1, 0.5419121911280744, 22.837785303265633, 10.0, 'BOW'
2, 0.5419121911280744, 22.837785303265633, 10.0, 'BOW'
3, 0.5419121911280744, 22.837785303265633, 10.0, 'BOW'
4, 0.5419121911280744, 22.837785303265633, 10.0, 'BOW'
5, 0.5419121911280744, 22.837785303265633, 10.0, 'BOW'
6, 0.5419121911280744, 22.837785303265633, 10.0, 'BOW'
7, 0.5419121911280744, 22.837785303265633, 10.0, 'BOW'
8, 0.5419121911280744, 22.837785303265633, 10.0, 'BOW'