

0, 0.3903452004318383, 30.39409727128501, 1.0, 'EMB'
0, 0.4030791233174539, 29.759252616400648, 1.0, 'AL'
0, 0.46817162560671033, 26.514091834245914, 1.0, 'EMB+AL+WC'
0, 0.4652789439091569, 26.65830532842751, 1.0, 'WC'


1, 0.41085068083075227, 29.371804711166586, 0.1, 'EMB'
1, 0.41984419205753176, 28.923436790122164, 0.1, 'AL'
1, 0.47687302343660587, 26.080287110285198, 1.0, 'EMB+AL+WC'
1, 0.4748087148642459, 26.183202392163892, 1.0, 'WC'


2, 0.42071452162586875, 28.880046856053166, 0.1, 'EMB'
2, 0.4305315021988828, 28.390625198653186, 1.0, 'AL'
2, 0.48007054658740533, 25.92087586683821, 1.0, 'EMB+AL+WC'
2, 0.4777999314689204, 26.034076479423835, 1.0, 'WC'


3, 0.4351451605491877, 28.160613098732096, 1.0, 'EMB'
3, 0.44443833896828655, 27.69730538914042, 1.0, 'AL'
3, 0.4859143180937131, 25.629536965348887, 1.0, 'EMB+AL+WC'
3, 0.4853070147078401, 25.659813833826718, 1.0, 'WC'


4, 0.45853399812322615, 26.9945719147848, 1.0, 'EMB'
4, 0.4683534769927058, 26.50502570580933, 1.0, 'AL'
4, 0.4992277738764608, 24.965799928644817, 1.0, 'EMB+AL+WC'
4, 0.4984910521432553, 25.00252889729524, 1.0, 'WC'


5, 0.49635961983280574, 25.108790606408082, 1.0, 'EMB'
5, 0.5078629807300002, 24.53529512945345, 1.0, 'AL'
5, 0.52872327487476, 23.495313471320767, 1.0, 'EMB+AL+WC'
5, 0.528425674747856, 23.510150207144836, 1.0, 'WC'


6, 0.5214270977210861, 23.859061478019594, 1.0, 'EMB'
6, 0.5327624802387811, 23.29394049628684, 1.0, 'AL'
6, 0.5488796323835701, 22.490426293869664, 1.0, 'EMB+AL+WC'
6, 0.5488014807445775, 22.494322512712085, 1.0, 'WC'


7, 0.5429896830187266, 22.78406737410851, 1.0, 'EMB'
7, 0.5544936384436003, 22.21054225721317, 1.0, 'AL'
7, 0.5679646507225734, 21.538950304127912, 1.0, 'EMB+AL+WC'
7, 0.5680030128364983, 21.53703777621376, 1.0, 'WC'


8, 0.5582909362103364, 22.02122948911561, 1.0, 'EMB'
8, 0.565383642821736, 21.66762542528102, 1.0, 'AL'
8, 0.5768809852306477, 21.094429997663195, 1.0, 'EMB+AL+WC'
8, 0.5768493850225402, 21.096005413455366, 1.0, 'WC'


9, 0.5474849174791143, 22.559959250063507, 1.0, 'EMB'
9, 0.5570297529119359, 22.08410528026112, 1.0, 'AL'
9, 0.568759385300813, 21.499329128188712, 1.0, 'EMB+AL+WC'
9, 0.5687305675595444, 21.50076582520459, 1.0, 'WC'


10, 0.5229390609255681, 23.783683154515572, 1.0, 'EMB'
10, 0.5311172135945278, 23.375964609699963, 1.0, 'AL'
10, 0.5473641700688866, 22.565979064119453, 1.0, 'EMB+AL+WC'
10, 0.5473133095311263, 22.568514695977104, 1.0, 'WC'


11, 0.5087272686934692, 24.492206397189417, 0.1, 'EMB'
11, 0.5168483263718775, 24.087334300392836, 0.1, 'AL'
11, 0.5376373311452016, 23.050906745486042, 1.0, 'EMB+AL+WC'
11, 0.537560074706852, 23.054758334456878, 1.0, 'WC'

0, 0.43449681085285885, 28.19293631467329, 10.0, 'WC-base'
1, 0.43449681085285885, 28.19293631467329, 10.0, 'WC-base'
2, 0.43449681085285885, 28.19293631467329, 10.0, 'WC-base'
3, 0.43449681085285885, 28.19293631467329, 10.0, 'WC-base'
4, 0.43449681085285885, 28.19293631467329, 10.0, 'WC-base'
5, 0.43449681085285885, 28.19293631467329, 10.0, 'WC-base'
6, 0.43449681085285885, 28.19293631467329, 10.0, 'WC-base'
7, 0.43449681085285885, 28.19293631467329, 10.0, 'WC-base'
8, 0.43449681085285885, 28.19293631467329, 10.0, 'WC-base'
9, 0.43449681085285885, 28.19293631467329, 10.0, 'WC-base'
10, 0.43449681085285885, 28.19293631467329, 10.0, 'WC-base'
11, 0.43449681085285885, 28.19293631467329, 10.0, 'WC-base'
0, 0.30198450073345406, 34.799284770003666, 10.0, 'AL-base'
1, 0.30198450073345406, 34.799284770003666, 10.0, 'AL-base'
2, 0.30198450073345406, 34.799284770003666, 10.0, 'AL-base'
3, 0.30198450073345406, 34.799284770003666, 10.0, 'AL-base'
4, 0.30198450073345406, 34.799284770003666, 10.0, 'AL-base'
5, 0.30198450073345406, 34.799284770003666, 10.0, 'AL-base'
6, 0.30198450073345406, 34.799284770003666, 10.0, 'AL-base'
7, 0.30198450073345406, 34.799284770003666, 10.0, 'AL-base'
8, 0.30198450073345406, 34.799284770003666, 10.0, 'AL-base'
9, 0.30198450073345406, 34.799284770003666, 10.0, 'AL-base'
10, 0.30198450073345406, 34.799284770003666, 10.0, 'AL-base'
11, 0.30198450073345406, 34.799284770003666, 10.0, 'AL-base'
0, 0.5419121911280744, 22.837785303265633, 10.0, 'BOW-base'
10, 0.5419121911280744, 22.837785303265633, 10.0, 'BOW-base'
11, 0.5419121911280744, 22.837785303265633, 10.0, 'BOW-base'
1, 0.5419121911280744, 22.837785303265633, 10.0, 'BOW-base'
2, 0.5419121911280744, 22.837785303265633, 10.0, 'BOW-base'
3, 0.5419121911280744, 22.837785303265633, 10.0, 'BOW-base'
4, 0.5419121911280744, 22.837785303265633, 10.0, 'BOW-base'
5, 0.5419121911280744, 22.837785303265633, 10.0, 'BOW-base'
6, 0.5419121911280744, 22.837785303265633, 10.0, 'BOW-base'
7, 0.5419121911280744, 22.837785303265633, 10.0, 'BOW-base'
8, 0.5419121911280744, 22.837785303265633, 10.0, 'BOW-base'
9, 0.5419121911280744, 22.837785303265633, 10.0, 'BOW-base'

0, 0.54993895030749, 22.437614420587202, 10.0, 'EMB-BOW'
1, 0.5501766192636112, 22.42576552941825, 10.0, 'EMB-BOW'
2, 0.5509797458370991, 22.385725973897596, 10.0, 'EMB-BOW'
3, 0.5508708113345131, 22.391156860146893, 10.0, 'EMB-BOW'
4, 0.5515392458098454, 22.357832325546138, 10.0, 'EMB-BOW'
5, 0.5524688400872612, 22.311487773004895, 10.0, 'EMB-BOW'
6, 0.5542281510929961, 22.223778023361938, 10.0, 'EMB-BOW'
7, 0.5571285233248562, 22.07918112065481, 10.0, 'EMB-BOW'
8, 0.5611789435896215, 21.877249031209992, 10.0, 'EMB-BOW'
9, 0.5585198933609818, 22.00981492153966, 10.0, 'EMB-BOW'
10, 0.5542390153234882, 22.22323639147683, 10.0, 'EMB-BOW'
11, 0.5525643241316769, 22.30672745399177, 10.0, 'EMB-BOW'
