0, 0.018864002764460097, 2.811330690934583, 10.0, 'EMB'
0, 0.10315781754908526, 2.5697966026657975, 10.0, 'AL'
0, 0.29681908321191885, 2.014882848265595, 10.0, 'EMB+AL+WC'
0, 0.28936288361328033, 2.0362477179966505, 10.0, 'WC'
1, 0.15024767665583494, 2.434866107289417, 1.0, 'EMB'
1, 0.16145966857002647, 2.402739453019581, 1.0, 'AL'
1, 0.31192550633038585, 1.971597155901997, 1.0, 'EMB+AL+WC'
1, 0.30912027299032085, 1.9796352246369924, 1.0, 'WC'
2, 0.17668996405738313, 2.3590988188401694, 1.0, 'EMB'
2, 0.18996323341866683, 2.3210658146189815, 1.0, 'AL'
2, 0.3328343334463977, 1.9116853520865082, 1.0, 'EMB+AL+WC'
2, 0.33007475124861574, 1.919592612801272, 1.0, 'WC'
3, 0.1968961502697364, 2.301200350528349, 1.0, 'EMB'
3, 0.20980190304707347, 2.264220422185314, 1.0, 'AL'
3, 0.34333197300214713, 1.8816055911271696, 1.0, 'EMB+AL+WC'
3, 0.3400423207272193, 1.891031705783105, 1.0, 'WC'
4, 0.2601475290978592, 2.119960906613886, 1.0, 'EMB'
4, 0.27085911778169514, 2.0892680993981845, 1.0, 'AL'
4, 0.3740183703618659, 1.7936773009261522, 1.0, 'EMB+AL+WC'
4, 0.37137131359393916, 1.8012621331545962, 1.0, 'WC'
5, 0.35752562768868845, 1.840935330175342, 1.0, 'EMB'
5, 0.37000786400661834, 1.805168938817804, 1.0, 'AL'
5, 0.44948682953714625, 1.57743123914184, 1.0, 'EMB+AL+WC'
5, 0.44703980346178396, 1.5844429067664778, 1.0, 'WC'
6, 0.4429132838121135, 1.596266967213297, 1.0, 'EMB'
6, 0.45674664707081725, 1.5566290792980455, 1.0, 'AL'
6, 0.5186835664001844, 1.3791560656656783, 1.0, 'EMB+AL+WC'
6, 0.5173507899125478, 1.3829749811416225, 1.0, 'WC'
7, 0.4990338256527781, 1.4354601044408752, 1.0, 'EMB'
7, 0.5146397318658062, 1.3907432015648713, 1.0, 'AL'
7, 0.5635492005084807, 1.2505988274313395, 1.0, 'EMB+AL+WC'
7, 0.5630048658715998, 1.2521585548036036, 1.0, 'WC'
8, 0.5039402027939193, 1.4214014533700199, 1.0, 'EMB'
8, 0.5211128986873719, 1.3721950975259996, 1.0, 'AL'
8, 0.5623206033782577, 1.2541192291174688, 1.0, 'EMB+AL+WC'
8, 0.5623602521697972, 1.2540056201327536, 1.0, 'WC'
9, 0.4654333141839101, 1.53173844851314, 1.0, 'EMB'
9, 0.4783929773055231, 1.494604046370501, 1.0, 'AL'
9, 0.5260671154830674, 1.3579993675084223, 1.0, 'EMB+AL+WC'
9, 0.5256051433434097, 1.3593230947574841, 1.0, 'WC'
10, 0.34880405030165174, 1.865925992275829, 1.0, 'EMB'
10, 0.3570099655635457, 1.8424128998116118, 1.0, 'AL'
10, 0.43925408953490863, 1.606751961347223, 1.0, 'EMB+AL+WC'
10, 0.4379711807624709, 1.6104279867053646, 1.0, 'WC'
11, 0.22974208234871218, 2.207084165630274, 0.1, 'EMB'
11, 0.23968310425744122, 2.1785993275751947, 0.1, 'AL'
11, 0.3575697861774637, 1.840808799179528, 0.1, 'EMB+AL+WC'
11, 0.3556599314306589, 1.8462812650558673, 0.1, 'WC'

0, 0.20402218038520625, 1.732804250772271, 10.0, 'WC-base'
1, 0.20402218038520625, 1.732804250772271, 10.0, 'WC-base'
2, 0.20402218038520625, 1.732804250772271, 10.0, 'WC-base'
3, 0.20402218038520625, 1.732804250772271, 10.0, 'WC-base'
4, 0.20402218038520625, 1.732804250772271, 10.0, 'WC-base'
5, 0.20402218038520625, 1.732804250772271, 10.0, 'WC-base'
6, 0.20402218038520625, 1.732804250772271, 10.0, 'WC-base'
7, 0.20402218038520625, 1.732804250772271, 10.0, 'WC-base'
8, 0.20402218038520625, 1.732804250772271, 10.0, 'WC-base'
9, 0.20402218038520625, 1.732804250772271, 10.0, 'WC-base'
10, 0.20402218038520625, 1.732804250772271, 10.0, 'WC-base'
11, 0.20402218038520625, 1.732804250772271, 10.0, 'WC-base'
0, 0.02902148134074567, 2.1137720965083635, 10.0, 'AL-base'
1, 0.02902148134074567, 2.1137720965083635, 10.0, 'AL-base'
2, 0.02902148134074567, 2.1137720965083635, 10.0, 'AL-base'
3, 0.02902148134074567, 2.1137720965083635, 10.0, 'AL-base'
4, 0.02902148134074567, 2.1137720965083635, 10.0, 'AL-base'
5, 0.02902148134074567, 2.1137720965083635, 10.0, 'AL-base'
6, 0.02902148134074567, 2.1137720965083635, 10.0, 'AL-base'
7, 0.02902148134074567, 2.1137720965083635, 10.0, 'AL-base'
8, 0.02902148134074567, 2.1137720965083635, 10.0, 'AL-base'
9, 0.02902148134074567, 2.1137720965083635, 10.0, 'AL-base'
10, 0.02902148134074567, 2.1137720965083635, 10.0, 'AL-base'
11, 0.02902148134074567, 2.1137720965083635, 10.0, 'AL-base'
0, 0.5267201659617194, 1.0303067347067636, 10.0, 'BOW-base'
1, 0.5267201659617194, 1.0303067347067636, 10.0, 'BOW-base'
2, 0.5267201659617194, 1.0303067347067636, 10.0, 'BOW-base'
3, 0.5267201659617194, 1.0303067347067636, 10.0, 'BOW-base'
4, 0.5267201659617194, 1.0303067347067636, 10.0, 'BOW-base'
5, 0.5267201659617194, 1.0303067347067636, 10.0, 'BOW-base'
6, 0.5267201659617194, 1.0303067347067636, 10.0, 'BOW-base'
7, 0.5267201659617194, 1.0303067347067636, 10.0, 'BOW-base'
8, 0.5267201659617194, 1.0303067347067636, 10.0, 'BOW-base'
9, 0.5267201659617194, 1.0303067347067636, 10.0, 'BOW-base'
10, 0.5267201659617194, 1.0303067347067636, 10.0, 'BOW-base'
11, 0.5267201659617194, 1.0303067347067636, 10.0, 'BOW-base'

0, 0.5981977959518752, 1.1513173210527634, 10.0, 'EMB-BOW'
1, 0.6076278172813192, 1.1242966955183509, 10.0, 'EMB-BOW'
2, 0.6078460831099763, 1.1236712802603082, 10.0, 'EMB-BOW'
3, 0.6069101422803416, 1.126353109473246, 10.0, 'EMB-BOW'
4, 0.6092310227837243, 1.119702897262568, 10.0, 'EMB-BOW'
5, 0.6134771134618342, 1.107536219988983, 10.0, 'EMB-BOW'
6, 0.6176185227629585, 1.0956694949837056, 10.0, 'EMB-BOW'
7, 0.6266044018615552, 1.0699215071756019, 10.0, 'EMB-BOW'
8, 0.6288749057792483, 1.063415643191727, 10.0, 'EMB-BOW'
9, 0.619380472496339, 1.0906208336612249, 10.0, 'EMB-BOW'
10, 0.611422433418392, 1.113423665850164, 10.0, 'EMB-BOW'
11, 0.6082908354090766, 1.1223968944546225, 10.0, 'EMB-BOW'
